alfaix@arsen-pc:/media/alfaix/Data/drive/мгту/тп/c-cpp/hw1c/cmake-build-debug$ valgrind --leak-check=full -v ./hw1c
==10943== Memcheck, a memory error detector
==10943== Copyright (C) 2002-2017, and GNU GPL'd, by Julian Seward et al.
==10943== Using Valgrind-3.13.0 and LibVEX; rerun with -h for copyright info
==10943== Command: ./hw1c
==10943== 
--10943-- Valgrind options:
--10943--    --leak-check=full
--10943--    -v
--10943-- Contents of /proc/version:
--10943--   Linux version 4.15.0-36-generic (buildd@lgw01-amd64-031) (gcc version 7.3.0 (Ubuntu 7.3.0-16ubuntu3)) #39-Ubuntu SMP Mon Sep 24 16:19:09 UTC 2018
--10943-- 
--10943-- Arch and hwcaps: AMD64, LittleEndian, amd64-cx16-lzcnt-rdtscp-sse3-avx-avx2-bmi
--10943-- Page sizes: currently 4096, max supported 4096
--10943-- Valgrind library directory: /usr/lib/valgrind
--10943-- Reading syms from /media/alfaix/Data/drive/мгту/тп/c-cpp/hw1c/cmake-build-debug/hw1c
--10943-- Reading syms from /lib/x86_64-linux-gnu/ld-2.27.so
--10943--   Considering /lib/x86_64-linux-gnu/ld-2.27.so ..
--10943--   .. CRC mismatch (computed 1b7c895e wanted 2943108a)
--10943--   Considering /usr/lib/debug/lib/x86_64-linux-gnu/ld-2.27.so ..
--10943--   .. CRC is valid
--10943-- Reading syms from /usr/lib/valgrind/memcheck-amd64-linux
--10943--   Considering /usr/lib/valgrind/memcheck-amd64-linux ..
--10943--   .. CRC mismatch (computed 62965bbf wanted eeb84137)
--10943--    object doesn't have a symbol table
--10943--    object doesn't have a dynamic symbol table
--10943-- Scheduler: using generic scheduler lock implementation.
--10943-- Reading suppressions file: /usr/lib/valgrind/default.supp
==10943== embedded gdbserver: reading from /tmp/vgdb-pipe-from-vgdb-to-10943-by-alfaix-on-???
==10943== embedded gdbserver: writing to   /tmp/vgdb-pipe-to-vgdb-from-10943-by-alfaix-on-???
==10943== embedded gdbserver: shared mem   /tmp/vgdb-pipe-shared-mem-vgdb-10943-by-alfaix-on-???
==10943== 
==10943== TO CONTROL THIS PROCESS USING vgdb (which you probably
==10943== don't want to do, unless you know exactly what you're doing,
==10943== or are doing some strange experiment):
==10943==   /usr/lib/valgrind/../../bin/vgdb --pid=10943 ...command...
==10943== 
==10943== TO DEBUG THIS PROCESS USING GDB: start GDB like this
==10943==   /path/to/gdb ./hw1c
==10943== and then give GDB the following command
==10943==   target remote | /usr/lib/valgrind/../../bin/vgdb --pid=10943
==10943== --pid is optional if only one valgrind process is running
==10943== 
--10943-- REDIR: 0x401f2f0 (ld-linux-x86-64.so.2:strlen) redirected to 0x58060901 (???)
--10943-- REDIR: 0x401f0d0 (ld-linux-x86-64.so.2:index) redirected to 0x5806091b (???)
--10943-- Reading syms from /usr/lib/valgrind/vgpreload_core-amd64-linux.so
--10943--   Considering /usr/lib/valgrind/vgpreload_core-amd64-linux.so ..
--10943--   .. CRC mismatch (computed 13d5e98a wanted 1786ecf1)
--10943--    object doesn't have a symbol table
--10943-- Reading syms from /usr/lib/valgrind/vgpreload_memcheck-amd64-linux.so
--10943--   Considering /usr/lib/valgrind/vgpreload_memcheck-amd64-linux.so ..
--10943--   .. CRC mismatch (computed 8f77ef36 wanted fcbde737)
--10943--    object doesn't have a symbol table
==10943== WARNING: new redirection conflicts with existing -- ignoring it
--10943--     old: 0x0401f2f0 (strlen              ) R-> (0000.0) 0x58060901 ???
--10943--     new: 0x0401f2f0 (strlen              ) R-> (2007.0) 0x04c32db0 strlen
--10943-- REDIR: 0x401d360 (ld-linux-x86-64.so.2:strcmp) redirected to 0x4c33ee0 (strcmp)
--10943-- REDIR: 0x401f830 (ld-linux-x86-64.so.2:mempcpy) redirected to 0x4c374f0 (mempcpy)
--10943-- Reading syms from /lib/x86_64-linux-gnu/libc-2.27.so
--10943--   Considering /lib/x86_64-linux-gnu/libc-2.27.so ..
--10943--   .. CRC mismatch (computed b1c74187 wanted 042cc048)
--10943--   Considering /usr/lib/debug/lib/x86_64-linux-gnu/libc-2.27.so ..
--10943--   .. CRC is valid
--10943-- REDIR: 0x4edac70 (libc.so.6:memmove) redirected to 0x4a2a6e0 (_vgnU_ifunc_wrapper)
--10943-- REDIR: 0x4ed9d40 (libc.so.6:strncpy) redirected to 0x4a2a6e0 (_vgnU_ifunc_wrapper)
--10943-- REDIR: 0x4edaf50 (libc.so.6:strcasecmp) redirected to 0x4a2a6e0 (_vgnU_ifunc_wrapper)
--10943-- REDIR: 0x4ed9790 (libc.so.6:strcat) redirected to 0x4a2a6e0 (_vgnU_ifunc_wrapper)
--10943-- REDIR: 0x4ed9d70 (libc.so.6:rindex) redirected to 0x4a2a6e0 (_vgnU_ifunc_wrapper)
--10943-- REDIR: 0x4edc7c0 (libc.so.6:rawmemchr) redirected to 0x4a2a6e0 (_vgnU_ifunc_wrapper)
--10943-- REDIR: 0x4edade0 (libc.so.6:mempcpy) redirected to 0x4a2a6e0 (_vgnU_ifunc_wrapper)
--10943-- REDIR: 0x4edac10 (libc.so.6:bcmp) redirected to 0x4a2a6e0 (_vgnU_ifunc_wrapper)
--10943-- REDIR: 0x4ed9d00 (libc.so.6:strncmp) redirected to 0x4a2a6e0 (_vgnU_ifunc_wrapper)
--10943-- REDIR: 0x4ed9800 (libc.so.6:strcmp) redirected to 0x4a2a6e0 (_vgnU_ifunc_wrapper)
--10943-- REDIR: 0x4edad40 (libc.so.6:memset) redirected to 0x4a2a6e0 (_vgnU_ifunc_wrapper)
--10943-- REDIR: 0x4ef80f0 (libc.so.6:wcschr) redirected to 0x4a2a6e0 (_vgnU_ifunc_wrapper)
--10943-- REDIR: 0x4ed9ca0 (libc.so.6:strnlen) redirected to 0x4a2a6e0 (_vgnU_ifunc_wrapper)
--10943-- REDIR: 0x4ed9870 (libc.so.6:strcspn) redirected to 0x4a2a6e0 (_vgnU_ifunc_wrapper)
--10943-- REDIR: 0x4edafa0 (libc.so.6:strncasecmp) redirected to 0x4a2a6e0 (_vgnU_ifunc_wrapper)
--10943-- REDIR: 0x4ed9840 (libc.so.6:strcpy) redirected to 0x4a2a6e0 (_vgnU_ifunc_wrapper)
--10943-- REDIR: 0x4edb0e0 (libc.so.6:memcpy@@GLIBC_2.14) redirected to 0x4a2a6e0 (_vgnU_ifunc_wrapper)
--10943-- REDIR: 0x4ed9da0 (libc.so.6:strpbrk) redirected to 0x4a2a6e0 (_vgnU_ifunc_wrapper)
--10943-- REDIR: 0x4ed97c0 (libc.so.6:index) redirected to 0x4a2a6e0 (_vgnU_ifunc_wrapper)
--10943-- REDIR: 0x4ed9c70 (libc.so.6:strlen) redirected to 0x4a2a6e0 (_vgnU_ifunc_wrapper)
--10943-- REDIR: 0x4ee46c0 (libc.so.6:memrchr) redirected to 0x4a2a6e0 (_vgnU_ifunc_wrapper)
--10943-- REDIR: 0x4edaff0 (libc.so.6:strcasecmp_l) redirected to 0x4a2a6e0 (_vgnU_ifunc_wrapper)
--10943-- REDIR: 0x4edabe0 (libc.so.6:memchr) redirected to 0x4a2a6e0 (_vgnU_ifunc_wrapper)
--10943-- REDIR: 0x4ef8eb0 (libc.so.6:wcslen) redirected to 0x4a2a6e0 (_vgnU_ifunc_wrapper)
--10943-- REDIR: 0x4eda050 (libc.so.6:strspn) redirected to 0x4a2a6e0 (_vgnU_ifunc_wrapper)
--10943-- REDIR: 0x4edaf20 (libc.so.6:stpncpy) redirected to 0x4a2a6e0 (_vgnU_ifunc_wrapper)
--10943-- REDIR: 0x4edaef0 (libc.so.6:stpcpy) redirected to 0x4a2a6e0 (_vgnU_ifunc_wrapper)
--10943-- REDIR: 0x4edc7f0 (libc.so.6:strchrnul) redirected to 0x4a2a6e0 (_vgnU_ifunc_wrapper)
--10943-- REDIR: 0x4edb040 (libc.so.6:strncasecmp_l) redirected to 0x4a2a6e0 (_vgnU_ifunc_wrapper)
--10943-- REDIR: 0x4fca3c0 (libc.so.6:__strrchr_avx2) redirected to 0x4c32730 (rindex)
--10943-- REDIR: 0x4ed3070 (libc.so.6:malloc) redirected to 0x4c2faa0 (malloc)
hey dude ()
--10943-- REDIR: 0x4ed4c30 (libc.so.6:realloc) redirected to 0x4c31cb0 (realloc)
hey hey hey()()()()()))
asdkjaslkdjaskldjkalsd
()()()()()()() ()()()() )()()()()(
()()()()( )()()()()( ()()()())
--10943-- REDIR: 0x4ed3950 (libc.so.6:free) redirected to 0x4c30cd0 (free)
--10943-- REDIR: 0x4fca590 (libc.so.6:__strlen_avx2) redirected to 0x4c32cf0 (strlen)
--10943-- REDIR: 0x4fcaad0 (libc.so.6:__memcpy_avx_unaligned_erms) redirected to 0x4c366e0 (memmove)
hey dude ()
--10943-- REDIR: 0x4fcaab0 (libc.so.6:__mempcpy_avx_unaligned_erms) redirected to 0x4c37130 (mempcpy)
asdkjaslkdjaskldjkalsd
()()()()( )()()()()( ()()()())
==10943== 
==10943== HEAP SUMMARY:
==10943==     in use at exit: 0 bytes in 0 blocks
==10943==   total heap usage: 21 allocs, 21 frees, 3,031 bytes allocated
==10943== 
==10943== All heap blocks were freed -- no leaks are possible
==10943== 
==10943== ERROR SUMMARY: 0 errors from 0 contexts (suppressed: 0 from 0)
==10943== ERROR SUMMARY: 0 errors from 0 contexts (suppressed: 0 from 0)

<---------------------------------------------------------------------------------------------------------------->
<---------------------------------------------------------------------------------------------------------------->
<---------------------------------------------------------------------------------------------------------------->

alfaix@arsen-pc:/media/alfaix/Data/drive/мгту/тп/c-cpp/hw1c/cmake-build-debug$ valgrind --leak-check=full -v ./hw1c
==11316== Memcheck, a memory error detector
==11316== Copyright (C) 2002-2017, and GNU GPL'd, by Julian Seward et al.
==11316== Using Valgrind-3.13.0 and LibVEX; rerun with -h for copyright info
==11316== Command: ./hw1c
==11316== 
--11316-- Valgrind options:
--11316--    --leak-check=full
--11316--    -v
--11316-- Contents of /proc/version:
--11316--   Linux version 4.15.0-36-generic (buildd@lgw01-amd64-031) (gcc version 7.3.0 (Ubuntu 7.3.0-16ubuntu3)) #39-Ubuntu SMP Mon Sep 24 16:19:09 UTC 2018
--11316-- 
--11316-- Arch and hwcaps: AMD64, LittleEndian, amd64-cx16-lzcnt-rdtscp-sse3-avx-avx2-bmi
--11316-- Page sizes: currently 4096, max supported 4096
--11316-- Valgrind library directory: /usr/lib/valgrind
--11316-- Reading syms from /media/alfaix/Data/drive/мгту/тп/c-cpp/hw1c/cmake-build-debug/hw1c
--11316-- Reading syms from /lib/x86_64-linux-gnu/ld-2.27.so
--11316--   Considering /lib/x86_64-linux-gnu/ld-2.27.so ..
--11316--   .. CRC mismatch (computed 1b7c895e wanted 2943108a)
--11316--   Considering /usr/lib/debug/lib/x86_64-linux-gnu/ld-2.27.so ..
--11316--   .. CRC is valid
--11316-- Reading syms from /usr/lib/valgrind/memcheck-amd64-linux
--11316--   Considering /usr/lib/valgrind/memcheck-amd64-linux ..
--11316--   .. CRC mismatch (computed 62965bbf wanted eeb84137)
--11316--    object doesn't have a symbol table
--11316--    object doesn't have a dynamic symbol table
--11316-- Scheduler: using generic scheduler lock implementation.
--11316-- Reading suppressions file: /usr/lib/valgrind/default.supp
==11316== embedded gdbserver: reading from /tmp/vgdb-pipe-from-vgdb-to-11316-by-alfaix-on-???
==11316== embedded gdbserver: writing to   /tmp/vgdb-pipe-to-vgdb-from-11316-by-alfaix-on-???
==11316== embedded gdbserver: shared mem   /tmp/vgdb-pipe-shared-mem-vgdb-11316-by-alfaix-on-???
==11316== 
==11316== TO CONTROL THIS PROCESS USING vgdb (which you probably
==11316== don't want to do, unless you know exactly what you're doing,
==11316== or are doing some strange experiment):
==11316==   /usr/lib/valgrind/../../bin/vgdb --pid=11316 ...command...
==11316== 
==11316== TO DEBUG THIS PROCESS USING GDB: start GDB like this
==11316==   /path/to/gdb ./hw1c
==11316== and then give GDB the following command
==11316==   target remote | /usr/lib/valgrind/../../bin/vgdb --pid=11316
==11316== --pid is optional if only one valgrind process is running
==11316== 
--11316-- REDIR: 0x401f2f0 (ld-linux-x86-64.so.2:strlen) redirected to 0x58060901 (???)
--11316-- REDIR: 0x401f0d0 (ld-linux-x86-64.so.2:index) redirected to 0x5806091b (???)
--11316-- Reading syms from /usr/lib/valgrind/vgpreload_core-amd64-linux.so
--11316--   Considering /usr/lib/valgrind/vgpreload_core-amd64-linux.so ..
--11316--   .. CRC mismatch (computed 13d5e98a wanted 1786ecf1)
--11316--    object doesn't have a symbol table
--11316-- Reading syms from /usr/lib/valgrind/vgpreload_memcheck-amd64-linux.so
--11316--   Considering /usr/lib/valgrind/vgpreload_memcheck-amd64-linux.so ..
--11316--   .. CRC mismatch (computed 8f77ef36 wanted fcbde737)
--11316--    object doesn't have a symbol table
==11316== WARNING: new redirection conflicts with existing -- ignoring it
--11316--     old: 0x0401f2f0 (strlen              ) R-> (0000.0) 0x58060901 ???
--11316--     new: 0x0401f2f0 (strlen              ) R-> (2007.0) 0x04c32db0 strlen
--11316-- REDIR: 0x401d360 (ld-linux-x86-64.so.2:strcmp) redirected to 0x4c33ee0 (strcmp)
--11316-- REDIR: 0x401f830 (ld-linux-x86-64.so.2:mempcpy) redirected to 0x4c374f0 (mempcpy)
--11316-- Reading syms from /lib/x86_64-linux-gnu/libc-2.27.so
--11316--   Considering /lib/x86_64-linux-gnu/libc-2.27.so ..
--11316--   .. CRC mismatch (computed b1c74187 wanted 042cc048)
--11316--   Considering /usr/lib/debug/lib/x86_64-linux-gnu/libc-2.27.so ..
--11316--   .. CRC is valid
--11316-- REDIR: 0x4edac70 (libc.so.6:memmove) redirected to 0x4a2a6e0 (_vgnU_ifunc_wrapper)
--11316-- REDIR: 0x4ed9d40 (libc.so.6:strncpy) redirected to 0x4a2a6e0 (_vgnU_ifunc_wrapper)
--11316-- REDIR: 0x4edaf50 (libc.so.6:strcasecmp) redirected to 0x4a2a6e0 (_vgnU_ifunc_wrapper)
--11316-- REDIR: 0x4ed9790 (libc.so.6:strcat) redirected to 0x4a2a6e0 (_vgnU_ifunc_wrapper)
--11316-- REDIR: 0x4ed9d70 (libc.so.6:rindex) redirected to 0x4a2a6e0 (_vgnU_ifunc_wrapper)
--11316-- REDIR: 0x4edc7c0 (libc.so.6:rawmemchr) redirected to 0x4a2a6e0 (_vgnU_ifunc_wrapper)
--11316-- REDIR: 0x4edade0 (libc.so.6:mempcpy) redirected to 0x4a2a6e0 (_vgnU_ifunc_wrapper)
--11316-- REDIR: 0x4edac10 (libc.so.6:bcmp) redirected to 0x4a2a6e0 (_vgnU_ifunc_wrapper)
--11316-- REDIR: 0x4ed9d00 (libc.so.6:strncmp) redirected to 0x4a2a6e0 (_vgnU_ifunc_wrapper)
--11316-- REDIR: 0x4ed9800 (libc.so.6:strcmp) redirected to 0x4a2a6e0 (_vgnU_ifunc_wrapper)
--11316-- REDIR: 0x4edad40 (libc.so.6:memset) redirected to 0x4a2a6e0 (_vgnU_ifunc_wrapper)
--11316-- REDIR: 0x4ef80f0 (libc.so.6:wcschr) redirected to 0x4a2a6e0 (_vgnU_ifunc_wrapper)
--11316-- REDIR: 0x4ed9ca0 (libc.so.6:strnlen) redirected to 0x4a2a6e0 (_vgnU_ifunc_wrapper)
--11316-- REDIR: 0x4ed9870 (libc.so.6:strcspn) redirected to 0x4a2a6e0 (_vgnU_ifunc_wrapper)
--11316-- REDIR: 0x4edafa0 (libc.so.6:strncasecmp) redirected to 0x4a2a6e0 (_vgnU_ifunc_wrapper)
--11316-- REDIR: 0x4ed9840 (libc.so.6:strcpy) redirected to 0x4a2a6e0 (_vgnU_ifunc_wrapper)
--11316-- REDIR: 0x4edb0e0 (libc.so.6:memcpy@@GLIBC_2.14) redirected to 0x4a2a6e0 (_vgnU_ifunc_wrapper)
--11316-- REDIR: 0x4ed9da0 (libc.so.6:strpbrk) redirected to 0x4a2a6e0 (_vgnU_ifunc_wrapper)
--11316-- REDIR: 0x4ed97c0 (libc.so.6:index) redirected to 0x4a2a6e0 (_vgnU_ifunc_wrapper)
--11316-- REDIR: 0x4ed9c70 (libc.so.6:strlen) redirected to 0x4a2a6e0 (_vgnU_ifunc_wrapper)
--11316-- REDIR: 0x4ee46c0 (libc.so.6:memrchr) redirected to 0x4a2a6e0 (_vgnU_ifunc_wrapper)
--11316-- REDIR: 0x4edaff0 (libc.so.6:strcasecmp_l) redirected to 0x4a2a6e0 (_vgnU_ifunc_wrapper)
--11316-- REDIR: 0x4edabe0 (libc.so.6:memchr) redirected to 0x4a2a6e0 (_vgnU_ifunc_wrapper)
--11316-- REDIR: 0x4ef8eb0 (libc.so.6:wcslen) redirected to 0x4a2a6e0 (_vgnU_ifunc_wrapper)
--11316-- REDIR: 0x4eda050 (libc.so.6:strspn) redirected to 0x4a2a6e0 (_vgnU_ifunc_wrapper)
--11316-- REDIR: 0x4edaf20 (libc.so.6:stpncpy) redirected to 0x4a2a6e0 (_vgnU_ifunc_wrapper)
--11316-- REDIR: 0x4edaef0 (libc.so.6:stpcpy) redirected to 0x4a2a6e0 (_vgnU_ifunc_wrapper)
--11316-- REDIR: 0x4edc7f0 (libc.so.6:strchrnul) redirected to 0x4a2a6e0 (_vgnU_ifunc_wrapper)
--11316-- REDIR: 0x4edb040 (libc.so.6:strncasecmp_l) redirected to 0x4a2a6e0 (_vgnU_ifunc_wrapper)
--11316-- REDIR: 0x4fca3c0 (libc.so.6:__strrchr_avx2) redirected to 0x4c32730 (rindex)
--11316-- REDIR: 0x4ed3070 (libc.so.6:malloc) redirected to 0x4c2faa0 (malloc)
(5+5)=10
(5+5)) = 11
(5+5)*(2+2) = xyz
()(())
()((())--11316-- REDIR: 0x4ed4c30 (libc.so.6:realloc) redirected to 0x4c31cb0 (realloc)
--11316-- REDIR: 0x4ed3950 (libc.so.6:free) redirected to 0x4c30cd0 (free)
--11316-- REDIR: 0x4fca590 (libc.so.6:__strlen_avx2) redirected to 0x4c32cf0 (strlen)
--11316-- REDIR: 0x4fcaad0 (libc.so.6:__memcpy_avx_unaligned_erms) redirected to 0x4c366e0 (memmove)
(5+5)=10
--11316-- REDIR: 0x4fcaab0 (libc.so.6:__mempcpy_avx_unaligned_erms) redirected to 0x4c37130 (mempcpy)
(5+5)*(2+2) = xyz
()(())
==11316== 
==11316== HEAP SUMMARY:
==11316==     in use at exit: 0 bytes in 0 blocks
==11316==   total heap usage: 21 allocs, 21 frees, 2,928 bytes allocated
==11316== 
==11316== All heap blocks were freed -- no leaks are possible
==11316== 
==11316== ERROR SUMMARY: 0 errors from 0 contexts (suppressed: 0 from 0)
==11316== ERROR SUMMARY: 0 errors from 0 contexts (suppressed: 0 from 0)

<---------------------------------------------------------------------------------------------------------------->
<---------------------------------------------------------------------------------------------------------------->
<---------------------------------------------------------------------------------------------------------------->

alfaix@arsen-pc:/media/alfaix/Data/drive/мгту/тп/c-cpp/hw1c/cmake-build-debug$ valgrind --leak-check=full -v ./hw1c
==11353== Memcheck, a memory error detector
==11353== Copyright (C) 2002-2017, and GNU GPL'd, by Julian Seward et al.
==11353== Using Valgrind-3.13.0 and LibVEX; rerun with -h for copyright info
==11353== Command: ./hw1c
==11353== 
--11353-- Valgrind options:
--11353--    --leak-check=full
--11353--    -v
--11353-- Contents of /proc/version:
--11353--   Linux version 4.15.0-36-generic (buildd@lgw01-amd64-031) (gcc version 7.3.0 (Ubuntu 7.3.0-16ubuntu3)) #39-Ubuntu SMP Mon Sep 24 16:19:09 UTC 2018
--11353-- 
--11353-- Arch and hwcaps: AMD64, LittleEndian, amd64-cx16-lzcnt-rdtscp-sse3-avx-avx2-bmi
--11353-- Page sizes: currently 4096, max supported 4096
--11353-- Valgrind library directory: /usr/lib/valgrind
--11353-- Reading syms from /media/alfaix/Data/drive/мгту/тп/c-cpp/hw1c/cmake-build-debug/hw1c
--11353-- Reading syms from /lib/x86_64-linux-gnu/ld-2.27.so
--11353--   Considering /lib/x86_64-linux-gnu/ld-2.27.so ..
--11353--   .. CRC mismatch (computed 1b7c895e wanted 2943108a)
--11353--   Considering /usr/lib/debug/lib/x86_64-linux-gnu/ld-2.27.so ..
--11353--   .. CRC is valid
--11353-- Reading syms from /usr/lib/valgrind/memcheck-amd64-linux
--11353--   Considering /usr/lib/valgrind/memcheck-amd64-linux ..
--11353--   .. CRC mismatch (computed 62965bbf wanted eeb84137)
--11353--    object doesn't have a symbol table
--11353--    object doesn't have a dynamic symbol table
--11353-- Scheduler: using generic scheduler lock implementation.
--11353-- Reading suppressions file: /usr/lib/valgrind/default.supp
==11353== embedded gdbserver: reading from /tmp/vgdb-pipe-from-vgdb-to-11353-by-alfaix-on-???
==11353== embedded gdbserver: writing to   /tmp/vgdb-pipe-to-vgdb-from-11353-by-alfaix-on-???
==11353== embedded gdbserver: shared mem   /tmp/vgdb-pipe-shared-mem-vgdb-11353-by-alfaix-on-???
==11353== 
==11353== TO CONTROL THIS PROCESS USING vgdb (which you probably
==11353== don't want to do, unless you know exactly what you're doing,
==11353== or are doing some strange experiment):
==11353==   /usr/lib/valgrind/../../bin/vgdb --pid=11353 ...command...
==11353== 
==11353== TO DEBUG THIS PROCESS USING GDB: start GDB like this
==11353==   /path/to/gdb ./hw1c
==11353== and then give GDB the following command
==11353==   target remote | /usr/lib/valgrind/../../bin/vgdb --pid=11353
==11353== --pid is optional if only one valgrind process is running
==11353== 
--11353-- REDIR: 0x401f2f0 (ld-linux-x86-64.so.2:strlen) redirected to 0x58060901 (???)
--11353-- REDIR: 0x401f0d0 (ld-linux-x86-64.so.2:index) redirected to 0x5806091b (???)
--11353-- Reading syms from /usr/lib/valgrind/vgpreload_core-amd64-linux.so
--11353--   Considering /usr/lib/valgrind/vgpreload_core-amd64-linux.so ..
--11353--   .. CRC mismatch (computed 13d5e98a wanted 1786ecf1)
--11353--    object doesn't have a symbol table
--11353-- Reading syms from /usr/lib/valgrind/vgpreload_memcheck-amd64-linux.so
--11353--   Considering /usr/lib/valgrind/vgpreload_memcheck-amd64-linux.so ..
--11353--   .. CRC mismatch (computed 8f77ef36 wanted fcbde737)
--11353--    object doesn't have a symbol table
==11353== WARNING: new redirection conflicts with existing -- ignoring it
--11353--     old: 0x0401f2f0 (strlen              ) R-> (0000.0) 0x58060901 ???
--11353--     new: 0x0401f2f0 (strlen              ) R-> (2007.0) 0x04c32db0 strlen
--11353-- REDIR: 0x401d360 (ld-linux-x86-64.so.2:strcmp) redirected to 0x4c33ee0 (strcmp)
--11353-- REDIR: 0x401f830 (ld-linux-x86-64.so.2:mempcpy) redirected to 0x4c374f0 (mempcpy)
--11353-- Reading syms from /lib/x86_64-linux-gnu/libc-2.27.so
--11353--   Considering /lib/x86_64-linux-gnu/libc-2.27.so ..
--11353--   .. CRC mismatch (computed b1c74187 wanted 042cc048)
--11353--   Considering /usr/lib/debug/lib/x86_64-linux-gnu/libc-2.27.so ..
--11353--   .. CRC is valid
--11353-- REDIR: 0x4edac70 (libc.so.6:memmove) redirected to 0x4a2a6e0 (_vgnU_ifunc_wrapper)
--11353-- REDIR: 0x4ed9d40 (libc.so.6:strncpy) redirected to 0x4a2a6e0 (_vgnU_ifunc_wrapper)
--11353-- REDIR: 0x4edaf50 (libc.so.6:strcasecmp) redirected to 0x4a2a6e0 (_vgnU_ifunc_wrapper)
--11353-- REDIR: 0x4ed9790 (libc.so.6:strcat) redirected to 0x4a2a6e0 (_vgnU_ifunc_wrapper)
--11353-- REDIR: 0x4ed9d70 (libc.so.6:rindex) redirected to 0x4a2a6e0 (_vgnU_ifunc_wrapper)
--11353-- REDIR: 0x4edc7c0 (libc.so.6:rawmemchr) redirected to 0x4a2a6e0 (_vgnU_ifunc_wrapper)
--11353-- REDIR: 0x4edade0 (libc.so.6:mempcpy) redirected to 0x4a2a6e0 (_vgnU_ifunc_wrapper)
--11353-- REDIR: 0x4edac10 (libc.so.6:bcmp) redirected to 0x4a2a6e0 (_vgnU_ifunc_wrapper)
--11353-- REDIR: 0x4ed9d00 (libc.so.6:strncmp) redirected to 0x4a2a6e0 (_vgnU_ifunc_wrapper)
--11353-- REDIR: 0x4ed9800 (libc.so.6:strcmp) redirected to 0x4a2a6e0 (_vgnU_ifunc_wrapper)
--11353-- REDIR: 0x4edad40 (libc.so.6:memset) redirected to 0x4a2a6e0 (_vgnU_ifunc_wrapper)
--11353-- REDIR: 0x4ef80f0 (libc.so.6:wcschr) redirected to 0x4a2a6e0 (_vgnU_ifunc_wrapper)
--11353-- REDIR: 0x4ed9ca0 (libc.so.6:strnlen) redirected to 0x4a2a6e0 (_vgnU_ifunc_wrapper)
--11353-- REDIR: 0x4ed9870 (libc.so.6:strcspn) redirected to 0x4a2a6e0 (_vgnU_ifunc_wrapper)
--11353-- REDIR: 0x4edafa0 (libc.so.6:strncasecmp) redirected to 0x4a2a6e0 (_vgnU_ifunc_wrapper)
--11353-- REDIR: 0x4ed9840 (libc.so.6:strcpy) redirected to 0x4a2a6e0 (_vgnU_ifunc_wrapper)
--11353-- REDIR: 0x4edb0e0 (libc.so.6:memcpy@@GLIBC_2.14) redirected to 0x4a2a6e0 (_vgnU_ifunc_wrapper)
--11353-- REDIR: 0x4ed9da0 (libc.so.6:strpbrk) redirected to 0x4a2a6e0 (_vgnU_ifunc_wrapper)
--11353-- REDIR: 0x4ed97c0 (libc.so.6:index) redirected to 0x4a2a6e0 (_vgnU_ifunc_wrapper)
--11353-- REDIR: 0x4ed9c70 (libc.so.6:strlen) redirected to 0x4a2a6e0 (_vgnU_ifunc_wrapper)
--11353-- REDIR: 0x4ee46c0 (libc.so.6:memrchr) redirected to 0x4a2a6e0 (_vgnU_ifunc_wrapper)
--11353-- REDIR: 0x4edaff0 (libc.so.6:strcasecmp_l) redirected to 0x4a2a6e0 (_vgnU_ifunc_wrapper)
--11353-- REDIR: 0x4edabe0 (libc.so.6:memchr) redirected to 0x4a2a6e0 (_vgnU_ifunc_wrapper)
--11353-- REDIR: 0x4ef8eb0 (libc.so.6:wcslen) redirected to 0x4a2a6e0 (_vgnU_ifunc_wrapper)
--11353-- REDIR: 0x4eda050 (libc.so.6:strspn) redirected to 0x4a2a6e0 (_vgnU_ifunc_wrapper)
--11353-- REDIR: 0x4edaf20 (libc.so.6:stpncpy) redirected to 0x4a2a6e0 (_vgnU_ifunc_wrapper)
--11353-- REDIR: 0x4edaef0 (libc.so.6:stpcpy) redirected to 0x4a2a6e0 (_vgnU_ifunc_wrapper)
--11353-- REDIR: 0x4edc7f0 (libc.so.6:strchrnul) redirected to 0x4a2a6e0 (_vgnU_ifunc_wrapper)
--11353-- REDIR: 0x4edb040 (libc.so.6:strncasecmp_l) redirected to 0x4a2a6e0 (_vgnU_ifunc_wrapper)
--11353-- REDIR: 0x4fca3c0 (libc.so.6:__strrchr_avx2) redirected to 0x4c32730 (rindex)
--11353-- REDIR: 0x4ed3070 (libc.so.6:malloc) redirected to 0x4c2faa0 (malloc)
(5+5)=10
(5+5)*(2+2) = xyz
()(())--11353-- REDIR: 0x4ed4c30 (libc.so.6:realloc) redirected to 0x4c31cb0 (realloc)
--11353-- REDIR: 0x4ed3950 (libc.so.6:free) redirected to 0x4c30cd0 (free)
--11353-- REDIR: 0x4fca590 (libc.so.6:__strlen_avx2) redirected to 0x4c32cf0 (strlen)
--11353-- REDIR: 0x4fcaad0 (libc.so.6:__memcpy_avx_unaligned_erms) redirected to 0x4c366e0 (memmove)
(5+5)=10
--11353-- REDIR: 0x4fcaab0 (libc.so.6:__mempcpy_avx_unaligned_erms) redirected to 0x4c37130 (mempcpy)
(5+5)*(2+2) = xyz
()(())
==11353== 
==11353== HEAP SUMMARY:
==11353==     in use at exit: 0 bytes in 0 blocks
==11353==   total heap usage: 16 allocs, 16 frees, 2,628 bytes allocated
==11353== 
==11353== All heap blocks were freed -- no leaks are possible
==11353== 
==11353== ERROR SUMMARY: 0 errors from 0 contexts (suppressed: 0 from 0)
==11353== ERROR SUMMARY: 0 errors from 0 contexts (suppressed: 0 from 0)

<---------------------------------------------------------------------------------------------------------------->
<---------------------------------------------------------------------------------------------------------------->
<---------------------------------------------------------------------------------------------------------------->

alfaix@arsen-pc:/media/alfaix/Data/drive/мгту/тп/c-cpp/hw1c/cmake-build-debug$ valgrind --leak-check=full -v ./hw1c
==11360== Memcheck, a memory error detector
==11360== Copyright (C) 2002-2017, and GNU GPL'd, by Julian Seward et al.
==11360== Using Valgrind-3.13.0 and LibVEX; rerun with -h for copyright info
==11360== Command: ./hw1c
==11360== 
--11360-- Valgrind options:
--11360--    --leak-check=full
--11360--    -v
--11360-- Contents of /proc/version:
--11360--   Linux version 4.15.0-36-generic (buildd@lgw01-amd64-031) (gcc version 7.3.0 (Ubuntu 7.3.0-16ubuntu3)) #39-Ubuntu SMP Mon Sep 24 16:19:09 UTC 2018
--11360-- 
--11360-- Arch and hwcaps: AMD64, LittleEndian, amd64-cx16-lzcnt-rdtscp-sse3-avx-avx2-bmi
--11360-- Page sizes: currently 4096, max supported 4096
--11360-- Valgrind library directory: /usr/lib/valgrind
--11360-- Reading syms from /media/alfaix/Data/drive/мгту/тп/c-cpp/hw1c/cmake-build-debug/hw1c
--11360-- Reading syms from /lib/x86_64-linux-gnu/ld-2.27.so
--11360--   Considering /lib/x86_64-linux-gnu/ld-2.27.so ..
--11360--   .. CRC mismatch (computed 1b7c895e wanted 2943108a)
--11360--   Considering /usr/lib/debug/lib/x86_64-linux-gnu/ld-2.27.so ..
--11360--   .. CRC is valid
--11360-- Reading syms from /usr/lib/valgrind/memcheck-amd64-linux
--11360--   Considering /usr/lib/valgrind/memcheck-amd64-linux ..
--11360--   .. CRC mismatch (computed 62965bbf wanted eeb84137)
--11360--    object doesn't have a symbol table
--11360--    object doesn't have a dynamic symbol table
--11360-- Scheduler: using generic scheduler lock implementation.
--11360-- Reading suppressions file: /usr/lib/valgrind/default.supp
==11360== embedded gdbserver: reading from /tmp/vgdb-pipe-from-vgdb-to-11360-by-alfaix-on-???
==11360== embedded gdbserver: writing to   /tmp/vgdb-pipe-to-vgdb-from-11360-by-alfaix-on-???
==11360== embedded gdbserver: shared mem   /tmp/vgdb-pipe-shared-mem-vgdb-11360-by-alfaix-on-???
==11360== 
==11360== TO CONTROL THIS PROCESS USING vgdb (which you probably
==11360== don't want to do, unless you know exactly what you're doing,
==11360== or are doing some strange experiment):
==11360==   /usr/lib/valgrind/../../bin/vgdb --pid=11360 ...command...
==11360== 
==11360== TO DEBUG THIS PROCESS USING GDB: start GDB like this
==11360==   /path/to/gdb ./hw1c
==11360== and then give GDB the following command
==11360==   target remote | /usr/lib/valgrind/../../bin/vgdb --pid=11360
==11360== --pid is optional if only one valgrind process is running
==11360== 
--11360-- REDIR: 0x401f2f0 (ld-linux-x86-64.so.2:strlen) redirected to 0x58060901 (???)
--11360-- REDIR: 0x401f0d0 (ld-linux-x86-64.so.2:index) redirected to 0x5806091b (???)
--11360-- Reading syms from /usr/lib/valgrind/vgpreload_core-amd64-linux.so
--11360--   Considering /usr/lib/valgrind/vgpreload_core-amd64-linux.so ..
--11360--   .. CRC mismatch (computed 13d5e98a wanted 1786ecf1)
--11360--    object doesn't have a symbol table
--11360-- Reading syms from /usr/lib/valgrind/vgpreload_memcheck-amd64-linux.so
--11360--   Considering /usr/lib/valgrind/vgpreload_memcheck-amd64-linux.so ..
--11360--   .. CRC mismatch (computed 8f77ef36 wanted fcbde737)
--11360--    object doesn't have a symbol table
==11360== WARNING: new redirection conflicts with existing -- ignoring it
--11360--     old: 0x0401f2f0 (strlen              ) R-> (0000.0) 0x58060901 ???
--11360--     new: 0x0401f2f0 (strlen              ) R-> (2007.0) 0x04c32db0 strlen
--11360-- REDIR: 0x401d360 (ld-linux-x86-64.so.2:strcmp) redirected to 0x4c33ee0 (strcmp)
--11360-- REDIR: 0x401f830 (ld-linux-x86-64.so.2:mempcpy) redirected to 0x4c374f0 (mempcpy)
--11360-- Reading syms from /lib/x86_64-linux-gnu/libc-2.27.so
--11360--   Considering /lib/x86_64-linux-gnu/libc-2.27.so ..
--11360--   .. CRC mismatch (computed b1c74187 wanted 042cc048)
--11360--   Considering /usr/lib/debug/lib/x86_64-linux-gnu/libc-2.27.so ..
--11360--   .. CRC is valid
--11360-- REDIR: 0x4edac70 (libc.so.6:memmove) redirected to 0x4a2a6e0 (_vgnU_ifunc_wrapper)
--11360-- REDIR: 0x4ed9d40 (libc.so.6:strncpy) redirected to 0x4a2a6e0 (_vgnU_ifunc_wrapper)
--11360-- REDIR: 0x4edaf50 (libc.so.6:strcasecmp) redirected to 0x4a2a6e0 (_vgnU_ifunc_wrapper)
--11360-- REDIR: 0x4ed9790 (libc.so.6:strcat) redirected to 0x4a2a6e0 (_vgnU_ifunc_wrapper)
--11360-- REDIR: 0x4ed9d70 (libc.so.6:rindex) redirected to 0x4a2a6e0 (_vgnU_ifunc_wrapper)
--11360-- REDIR: 0x4edc7c0 (libc.so.6:rawmemchr) redirected to 0x4a2a6e0 (_vgnU_ifunc_wrapper)
--11360-- REDIR: 0x4edade0 (libc.so.6:mempcpy) redirected to 0x4a2a6e0 (_vgnU_ifunc_wrapper)
--11360-- REDIR: 0x4edac10 (libc.so.6:bcmp) redirected to 0x4a2a6e0 (_vgnU_ifunc_wrapper)
--11360-- REDIR: 0x4ed9d00 (libc.so.6:strncmp) redirected to 0x4a2a6e0 (_vgnU_ifunc_wrapper)
--11360-- REDIR: 0x4ed9800 (libc.so.6:strcmp) redirected to 0x4a2a6e0 (_vgnU_ifunc_wrapper)
--11360-- REDIR: 0x4edad40 (libc.so.6:memset) redirected to 0x4a2a6e0 (_vgnU_ifunc_wrapper)
--11360-- REDIR: 0x4ef80f0 (libc.so.6:wcschr) redirected to 0x4a2a6e0 (_vgnU_ifunc_wrapper)
--11360-- REDIR: 0x4ed9ca0 (libc.so.6:strnlen) redirected to 0x4a2a6e0 (_vgnU_ifunc_wrapper)
--11360-- REDIR: 0x4ed9870 (libc.so.6:strcspn) redirected to 0x4a2a6e0 (_vgnU_ifunc_wrapper)
--11360-- REDIR: 0x4edafa0 (libc.so.6:strncasecmp) redirected to 0x4a2a6e0 (_vgnU_ifunc_wrapper)
--11360-- REDIR: 0x4ed9840 (libc.so.6:strcpy) redirected to 0x4a2a6e0 (_vgnU_ifunc_wrapper)
--11360-- REDIR: 0x4edb0e0 (libc.so.6:memcpy@@GLIBC_2.14) redirected to 0x4a2a6e0 (_vgnU_ifunc_wrapper)
--11360-- REDIR: 0x4ed9da0 (libc.so.6:strpbrk) redirected to 0x4a2a6e0 (_vgnU_ifunc_wrapper)
--11360-- REDIR: 0x4ed97c0 (libc.so.6:index) redirected to 0x4a2a6e0 (_vgnU_ifunc_wrapper)
--11360-- REDIR: 0x4ed9c70 (libc.so.6:strlen) redirected to 0x4a2a6e0 (_vgnU_ifunc_wrapper)
--11360-- REDIR: 0x4ee46c0 (libc.so.6:memrchr) redirected to 0x4a2a6e0 (_vgnU_ifunc_wrapper)
--11360-- REDIR: 0x4edaff0 (libc.so.6:strcasecmp_l) redirected to 0x4a2a6e0 (_vgnU_ifunc_wrapper)
--11360-- REDIR: 0x4edabe0 (libc.so.6:memchr) redirected to 0x4a2a6e0 (_vgnU_ifunc_wrapper)
--11360-- REDIR: 0x4ef8eb0 (libc.so.6:wcslen) redirected to 0x4a2a6e0 (_vgnU_ifunc_wrapper)
--11360-- REDIR: 0x4eda050 (libc.so.6:strspn) redirected to 0x4a2a6e0 (_vgnU_ifunc_wrapper)
--11360-- REDIR: 0x4edaf20 (libc.so.6:stpncpy) redirected to 0x4a2a6e0 (_vgnU_ifunc_wrapper)
--11360-- REDIR: 0x4edaef0 (libc.so.6:stpcpy) redirected to 0x4a2a6e0 (_vgnU_ifunc_wrapper)
--11360-- REDIR: 0x4edc7f0 (libc.so.6:strchrnul) redirected to 0x4a2a6e0 (_vgnU_ifunc_wrapper)
--11360-- REDIR: 0x4edb040 (libc.so.6:strncasecmp_l) redirected to 0x4a2a6e0 (_vgnU_ifunc_wrapper)
--11360-- REDIR: 0x4fca3c0 (libc.so.6:__strrchr_avx2) redirected to 0x4c32730 (rindex)
--11360-- REDIR: 0x4ed3070 (libc.so.6:malloc) redirected to 0x4c2faa0 (malloc)
aaa
(
)
()
(())
bbb--11360-- REDIR: 0x4ed4c30 (libc.so.6:realloc) redirected to 0x4c31cb0 (realloc)
--11360-- REDIR: 0x4ed3950 (libc.so.6:free) redirected to 0x4c30cd0 (free)
--11360-- REDIR: 0x4fca590 (libc.so.6:__strlen_avx2) redirected to 0x4c32cf0 (strlen)
--11360-- REDIR: 0x4fcaad0 (libc.so.6:__memcpy_avx_unaligned_erms) redirected to 0x4c366e0 (memmove)
aaa
--11360-- REDIR: 0x4fcaab0 (libc.so.6:__mempcpy_avx_unaligned_erms) redirected to 0x4c37130 (mempcpy)
()
(())
bbb
==11360== 
==11360== HEAP SUMMARY:
==11360==     in use at exit: 0 bytes in 0 blocks
==11360==   total heap usage: 24 allocs, 24 frees, 2,992 bytes allocated
==11360== 
==11360== All heap blocks were freed -- no leaks are possible
==11360== 
==11360== ERROR SUMMARY: 0 errors from 0 contexts (suppressed: 0 from 0)
==11360== ERROR SUMMARY: 0 errors from 0 contexts (suppressed: 0 from 0)

<---------------------------------------------------------------------------------------------------------------->
<---------------------------------------------------------------------------------------------------------------->
<---------------------------------------------------------------------------------------------------------------->

alfaix@arsen-pc:/media/alfaix/Data/drive/мгту/тп/c-cpp/hw1c/cmake-build-debug$ valgrind --leak-check=full -v ./hw1c
==11374== Memcheck, a memory error detector
==11374== Copyright (C) 2002-2017, and GNU GPL'd, by Julian Seward et al.
==11374== Using Valgrind-3.13.0 and LibVEX; rerun with -h for copyright info
==11374== Command: ./hw1c
==11374== 
--11374-- Valgrind options:
--11374--    --leak-check=full
--11374--    -v
--11374-- Contents of /proc/version:
--11374--   Linux version 4.15.0-36-generic (buildd@lgw01-amd64-031) (gcc version 7.3.0 (Ubuntu 7.3.0-16ubuntu3)) #39-Ubuntu SMP Mon Sep 24 16:19:09 UTC 2018
--11374-- 
--11374-- Arch and hwcaps: AMD64, LittleEndian, amd64-cx16-lzcnt-rdtscp-sse3-avx-avx2-bmi
--11374-- Page sizes: currently 4096, max supported 4096
--11374-- Valgrind library directory: /usr/lib/valgrind
--11374-- Reading syms from /media/alfaix/Data/drive/мгту/тп/c-cpp/hw1c/cmake-build-debug/hw1c
--11374-- Reading syms from /lib/x86_64-linux-gnu/ld-2.27.so
--11374--   Considering /lib/x86_64-linux-gnu/ld-2.27.so ..
--11374--   .. CRC mismatch (computed 1b7c895e wanted 2943108a)
--11374--   Considering /usr/lib/debug/lib/x86_64-linux-gnu/ld-2.27.so ..
--11374--   .. CRC is valid
--11374-- Reading syms from /usr/lib/valgrind/memcheck-amd64-linux
--11374--   Considering /usr/lib/valgrind/memcheck-amd64-linux ..
--11374--   .. CRC mismatch (computed 62965bbf wanted eeb84137)
--11374--    object doesn't have a symbol table
--11374--    object doesn't have a dynamic symbol table
--11374-- Scheduler: using generic scheduler lock implementation.
--11374-- Reading suppressions file: /usr/lib/valgrind/default.supp
==11374== embedded gdbserver: reading from /tmp/vgdb-pipe-from-vgdb-to-11374-by-alfaix-on-???
==11374== embedded gdbserver: writing to   /tmp/vgdb-pipe-to-vgdb-from-11374-by-alfaix-on-???
==11374== embedded gdbserver: shared mem   /tmp/vgdb-pipe-shared-mem-vgdb-11374-by-alfaix-on-???
==11374== 
==11374== TO CONTROL THIS PROCESS USING vgdb (which you probably
==11374== don't want to do, unless you know exactly what you're doing,
==11374== or are doing some strange experiment):
==11374==   /usr/lib/valgrind/../../bin/vgdb --pid=11374 ...command...
==11374== 
==11374== TO DEBUG THIS PROCESS USING GDB: start GDB like this
==11374==   /path/to/gdb ./hw1c
==11374== and then give GDB the following command
==11374==   target remote | /usr/lib/valgrind/../../bin/vgdb --pid=11374
==11374== --pid is optional if only one valgrind process is running
==11374== 
--11374-- REDIR: 0x401f2f0 (ld-linux-x86-64.so.2:strlen) redirected to 0x58060901 (???)
--11374-- REDIR: 0x401f0d0 (ld-linux-x86-64.so.2:index) redirected to 0x5806091b (???)
--11374-- Reading syms from /usr/lib/valgrind/vgpreload_core-amd64-linux.so
--11374--   Considering /usr/lib/valgrind/vgpreload_core-amd64-linux.so ..
--11374--   .. CRC mismatch (computed 13d5e98a wanted 1786ecf1)
--11374--    object doesn't have a symbol table
--11374-- Reading syms from /usr/lib/valgrind/vgpreload_memcheck-amd64-linux.so
--11374--   Considering /usr/lib/valgrind/vgpreload_memcheck-amd64-linux.so ..
--11374--   .. CRC mismatch (computed 8f77ef36 wanted fcbde737)
--11374--    object doesn't have a symbol table
==11374== WARNING: new redirection conflicts with existing -- ignoring it
--11374--     old: 0x0401f2f0 (strlen              ) R-> (0000.0) 0x58060901 ???
--11374--     new: 0x0401f2f0 (strlen              ) R-> (2007.0) 0x04c32db0 strlen
--11374-- REDIR: 0x401d360 (ld-linux-x86-64.so.2:strcmp) redirected to 0x4c33ee0 (strcmp)
--11374-- REDIR: 0x401f830 (ld-linux-x86-64.so.2:mempcpy) redirected to 0x4c374f0 (mempcpy)
--11374-- Reading syms from /lib/x86_64-linux-gnu/libc-2.27.so
--11374--   Considering /lib/x86_64-linux-gnu/libc-2.27.so ..
--11374--   .. CRC mismatch (computed b1c74187 wanted 042cc048)
--11374--   Considering /usr/lib/debug/lib/x86_64-linux-gnu/libc-2.27.so ..
--11374--   .. CRC is valid
--11374-- REDIR: 0x4edac70 (libc.so.6:memmove) redirected to 0x4a2a6e0 (_vgnU_ifunc_wrapper)
--11374-- REDIR: 0x4ed9d40 (libc.so.6:strncpy) redirected to 0x4a2a6e0 (_vgnU_ifunc_wrapper)
--11374-- REDIR: 0x4edaf50 (libc.so.6:strcasecmp) redirected to 0x4a2a6e0 (_vgnU_ifunc_wrapper)
--11374-- REDIR: 0x4ed9790 (libc.so.6:strcat) redirected to 0x4a2a6e0 (_vgnU_ifunc_wrapper)
--11374-- REDIR: 0x4ed9d70 (libc.so.6:rindex) redirected to 0x4a2a6e0 (_vgnU_ifunc_wrapper)
--11374-- REDIR: 0x4edc7c0 (libc.so.6:rawmemchr) redirected to 0x4a2a6e0 (_vgnU_ifunc_wrapper)
--11374-- REDIR: 0x4edade0 (libc.so.6:mempcpy) redirected to 0x4a2a6e0 (_vgnU_ifunc_wrapper)
--11374-- REDIR: 0x4edac10 (libc.so.6:bcmp) redirected to 0x4a2a6e0 (_vgnU_ifunc_wrapper)
--11374-- REDIR: 0x4ed9d00 (libc.so.6:strncmp) redirected to 0x4a2a6e0 (_vgnU_ifunc_wrapper)
--11374-- REDIR: 0x4ed9800 (libc.so.6:strcmp) redirected to 0x4a2a6e0 (_vgnU_ifunc_wrapper)
--11374-- REDIR: 0x4edad40 (libc.so.6:memset) redirected to 0x4a2a6e0 (_vgnU_ifunc_wrapper)
--11374-- REDIR: 0x4ef80f0 (libc.so.6:wcschr) redirected to 0x4a2a6e0 (_vgnU_ifunc_wrapper)
--11374-- REDIR: 0x4ed9ca0 (libc.so.6:strnlen) redirected to 0x4a2a6e0 (_vgnU_ifunc_wrapper)
--11374-- REDIR: 0x4ed9870 (libc.so.6:strcspn) redirected to 0x4a2a6e0 (_vgnU_ifunc_wrapper)
--11374-- REDIR: 0x4edafa0 (libc.so.6:strncasecmp) redirected to 0x4a2a6e0 (_vgnU_ifunc_wrapper)
--11374-- REDIR: 0x4ed9840 (libc.so.6:strcpy) redirected to 0x4a2a6e0 (_vgnU_ifunc_wrapper)
--11374-- REDIR: 0x4edb0e0 (libc.so.6:memcpy@@GLIBC_2.14) redirected to 0x4a2a6e0 (_vgnU_ifunc_wrapper)
--11374-- REDIR: 0x4ed9da0 (libc.so.6:strpbrk) redirected to 0x4a2a6e0 (_vgnU_ifunc_wrapper)
--11374-- REDIR: 0x4ed97c0 (libc.so.6:index) redirected to 0x4a2a6e0 (_vgnU_ifunc_wrapper)
--11374-- REDIR: 0x4ed9c70 (libc.so.6:strlen) redirected to 0x4a2a6e0 (_vgnU_ifunc_wrapper)
--11374-- REDIR: 0x4ee46c0 (libc.so.6:memrchr) redirected to 0x4a2a6e0 (_vgnU_ifunc_wrapper)
--11374-- REDIR: 0x4edaff0 (libc.so.6:strcasecmp_l) redirected to 0x4a2a6e0 (_vgnU_ifunc_wrapper)
--11374-- REDIR: 0x4edabe0 (libc.so.6:memchr) redirected to 0x4a2a6e0 (_vgnU_ifunc_wrapper)
--11374-- REDIR: 0x4ef8eb0 (libc.so.6:wcslen) redirected to 0x4a2a6e0 (_vgnU_ifunc_wrapper)
--11374-- REDIR: 0x4eda050 (libc.so.6:strspn) redirected to 0x4a2a6e0 (_vgnU_ifunc_wrapper)
--11374-- REDIR: 0x4edaf20 (libc.so.6:stpncpy) redirected to 0x4a2a6e0 (_vgnU_ifunc_wrapper)
--11374-- REDIR: 0x4edaef0 (libc.so.6:stpcpy) redirected to 0x4a2a6e0 (_vgnU_ifunc_wrapper)
--11374-- REDIR: 0x4edc7f0 (libc.so.6:strchrnul) redirected to 0x4a2a6e0 (_vgnU_ifunc_wrapper)
--11374-- REDIR: 0x4edb040 (libc.so.6:strncasecmp_l) redirected to 0x4a2a6e0 (_vgnU_ifunc_wrapper)
--11374-- REDIR: 0x4fca3c0 (libc.so.6:__strrchr_avx2) redirected to 0x4c32730 (rindex)
--11374-- REDIR: 0x4ed3070 (libc.so.6:malloc) redirected to 0x4c2faa0 (malloc)
( () ( () ( () ( () )_)_)_)
( () ( () ( () ( () )_)_)_))
<(aaa)>=(bbb)
(
)--11374-- REDIR: 0x4ed4c30 (libc.so.6:realloc) redirected to 0x4c31cb0 (realloc)
--11374-- REDIR: 0x4ed3950 (libc.so.6:free) redirected to 0x4c30cd0 (free)
--11374-- REDIR: 0x4fca590 (libc.so.6:__strlen_avx2) redirected to 0x4c32cf0 (strlen)
--11374-- REDIR: 0x4fcaad0 (libc.so.6:__memcpy_avx_unaligned_erms) redirected to 0x4c366e0 (memmove)
( () ( () ( () ( () )_)_)_)
--11374-- REDIR: 0x4fcaab0 (libc.so.6:__mempcpy_avx_unaligned_erms) redirected to 0x4c37130 (mempcpy)
<(aaa)>=(bbb)
==11374== 
==11374== HEAP SUMMARY:
==11374==     in use at exit: 0 bytes in 0 blocks
==11374==   total heap usage: 20 allocs, 20 frees, 2,949 bytes allocated
==11374== 
==11374== All heap blocks were freed -- no leaks are possible
==11374== 
==11374== ERROR SUMMARY: 0 errors from 0 contexts (suppressed: 0 from 0)
==11374== ERROR SUMMARY: 0 errors from 0 contexts (suppressed: 0 from 0)

<---------------------------------------------------------------------------------------------------------------->
<---------------------------------------------------------------------------------------------------------------->
<---------------------------------------------------------------------------------------------------------------->

alfaix@arsen-pc:/media/alfaix/Data/drive/мгту/тп/c-cpp/hw1c/cmake-build-debug$ valgrind --leak-check=full -v ./hw1c
==11385== Memcheck, a memory error detector
==11385== Copyright (C) 2002-2017, and GNU GPL'd, by Julian Seward et al.
==11385== Using Valgrind-3.13.0 and LibVEX; rerun with -h for copyright info
==11385== Command: ./hw1c
==11385== 
--11385-- Valgrind options:
--11385--    --leak-check=full
--11385--    -v
--11385-- Contents of /proc/version:
--11385--   Linux version 4.15.0-36-generic (buildd@lgw01-amd64-031) (gcc version 7.3.0 (Ubuntu 7.3.0-16ubuntu3)) #39-Ubuntu SMP Mon Sep 24 16:19:09 UTC 2018
--11385-- 
--11385-- Arch and hwcaps: AMD64, LittleEndian, amd64-cx16-lzcnt-rdtscp-sse3-avx-avx2-bmi
--11385-- Page sizes: currently 4096, max supported 4096
--11385-- Valgrind library directory: /usr/lib/valgrind
--11385-- Reading syms from /media/alfaix/Data/drive/мгту/тп/c-cpp/hw1c/cmake-build-debug/hw1c
--11385-- Reading syms from /lib/x86_64-linux-gnu/ld-2.27.so
--11385--   Considering /lib/x86_64-linux-gnu/ld-2.27.so ..
--11385--   .. CRC mismatch (computed 1b7c895e wanted 2943108a)
--11385--   Considering /usr/lib/debug/lib/x86_64-linux-gnu/ld-2.27.so ..
--11385--   .. CRC is valid
--11385-- Reading syms from /usr/lib/valgrind/memcheck-amd64-linux
--11385--   Considering /usr/lib/valgrind/memcheck-amd64-linux ..
--11385--   .. CRC mismatch (computed 62965bbf wanted eeb84137)
--11385--    object doesn't have a symbol table
--11385--    object doesn't have a dynamic symbol table
--11385-- Scheduler: using generic scheduler lock implementation.
--11385-- Reading suppressions file: /usr/lib/valgrind/default.supp
==11385== embedded gdbserver: reading from /tmp/vgdb-pipe-from-vgdb-to-11385-by-alfaix-on-???
==11385== embedded gdbserver: writing to   /tmp/vgdb-pipe-to-vgdb-from-11385-by-alfaix-on-???
==11385== embedded gdbserver: shared mem   /tmp/vgdb-pipe-shared-mem-vgdb-11385-by-alfaix-on-???
==11385== 
==11385== TO CONTROL THIS PROCESS USING vgdb (which you probably
==11385== don't want to do, unless you know exactly what you're doing,
==11385== or are doing some strange experiment):
==11385==   /usr/lib/valgrind/../../bin/vgdb --pid=11385 ...command...
==11385== 
==11385== TO DEBUG THIS PROCESS USING GDB: start GDB like this
==11385==   /path/to/gdb ./hw1c
==11385== and then give GDB the following command
==11385==   target remote | /usr/lib/valgrind/../../bin/vgdb --pid=11385
==11385== --pid is optional if only one valgrind process is running
==11385== 
--11385-- REDIR: 0x401f2f0 (ld-linux-x86-64.so.2:strlen) redirected to 0x58060901 (???)
--11385-- REDIR: 0x401f0d0 (ld-linux-x86-64.so.2:index) redirected to 0x5806091b (???)
--11385-- Reading syms from /usr/lib/valgrind/vgpreload_core-amd64-linux.so
--11385--   Considering /usr/lib/valgrind/vgpreload_core-amd64-linux.so ..
--11385--   .. CRC mismatch (computed 13d5e98a wanted 1786ecf1)
--11385--    object doesn't have a symbol table
--11385-- Reading syms from /usr/lib/valgrind/vgpreload_memcheck-amd64-linux.so
--11385--   Considering /usr/lib/valgrind/vgpreload_memcheck-amd64-linux.so ..
--11385--   .. CRC mismatch (computed 8f77ef36 wanted fcbde737)
--11385--    object doesn't have a symbol table
==11385== WARNING: new redirection conflicts with existing -- ignoring it
--11385--     old: 0x0401f2f0 (strlen              ) R-> (0000.0) 0x58060901 ???
--11385--     new: 0x0401f2f0 (strlen              ) R-> (2007.0) 0x04c32db0 strlen
--11385-- REDIR: 0x401d360 (ld-linux-x86-64.so.2:strcmp) redirected to 0x4c33ee0 (strcmp)
--11385-- REDIR: 0x401f830 (ld-linux-x86-64.so.2:mempcpy) redirected to 0x4c374f0 (mempcpy)
--11385-- Reading syms from /lib/x86_64-linux-gnu/libc-2.27.so
--11385--   Considering /lib/x86_64-linux-gnu/libc-2.27.so ..
--11385--   .. CRC mismatch (computed b1c74187 wanted 042cc048)
--11385--   Considering /usr/lib/debug/lib/x86_64-linux-gnu/libc-2.27.so ..
--11385--   .. CRC is valid
--11385-- REDIR: 0x4edac70 (libc.so.6:memmove) redirected to 0x4a2a6e0 (_vgnU_ifunc_wrapper)
--11385-- REDIR: 0x4ed9d40 (libc.so.6:strncpy) redirected to 0x4a2a6e0 (_vgnU_ifunc_wrapper)
--11385-- REDIR: 0x4edaf50 (libc.so.6:strcasecmp) redirected to 0x4a2a6e0 (_vgnU_ifunc_wrapper)
--11385-- REDIR: 0x4ed9790 (libc.so.6:strcat) redirected to 0x4a2a6e0 (_vgnU_ifunc_wrapper)
--11385-- REDIR: 0x4ed9d70 (libc.so.6:rindex) redirected to 0x4a2a6e0 (_vgnU_ifunc_wrapper)
--11385-- REDIR: 0x4edc7c0 (libc.so.6:rawmemchr) redirected to 0x4a2a6e0 (_vgnU_ifunc_wrapper)
--11385-- REDIR: 0x4edade0 (libc.so.6:mempcpy) redirected to 0x4a2a6e0 (_vgnU_ifunc_wrapper)
--11385-- REDIR: 0x4edac10 (libc.so.6:bcmp) redirected to 0x4a2a6e0 (_vgnU_ifunc_wrapper)
--11385-- REDIR: 0x4ed9d00 (libc.so.6:strncmp) redirected to 0x4a2a6e0 (_vgnU_ifunc_wrapper)
--11385-- REDIR: 0x4ed9800 (libc.so.6:strcmp) redirected to 0x4a2a6e0 (_vgnU_ifunc_wrapper)
--11385-- REDIR: 0x4edad40 (libc.so.6:memset) redirected to 0x4a2a6e0 (_vgnU_ifunc_wrapper)
--11385-- REDIR: 0x4ef80f0 (libc.so.6:wcschr) redirected to 0x4a2a6e0 (_vgnU_ifunc_wrapper)
--11385-- REDIR: 0x4ed9ca0 (libc.so.6:strnlen) redirected to 0x4a2a6e0 (_vgnU_ifunc_wrapper)
--11385-- REDIR: 0x4ed9870 (libc.so.6:strcspn) redirected to 0x4a2a6e0 (_vgnU_ifunc_wrapper)
--11385-- REDIR: 0x4edafa0 (libc.so.6:strncasecmp) redirected to 0x4a2a6e0 (_vgnU_ifunc_wrapper)
--11385-- REDIR: 0x4ed9840 (libc.so.6:strcpy) redirected to 0x4a2a6e0 (_vgnU_ifunc_wrapper)
--11385-- REDIR: 0x4edb0e0 (libc.so.6:memcpy@@GLIBC_2.14) redirected to 0x4a2a6e0 (_vgnU_ifunc_wrapper)
--11385-- REDIR: 0x4ed9da0 (libc.so.6:strpbrk) redirected to 0x4a2a6e0 (_vgnU_ifunc_wrapper)
--11385-- REDIR: 0x4ed97c0 (libc.so.6:index) redirected to 0x4a2a6e0 (_vgnU_ifunc_wrapper)
--11385-- REDIR: 0x4ed9c70 (libc.so.6:strlen) redirected to 0x4a2a6e0 (_vgnU_ifunc_wrapper)
--11385-- REDIR: 0x4ee46c0 (libc.so.6:memrchr) redirected to 0x4a2a6e0 (_vgnU_ifunc_wrapper)
--11385-- REDIR: 0x4edaff0 (libc.so.6:strcasecmp_l) redirected to 0x4a2a6e0 (_vgnU_ifunc_wrapper)
--11385-- REDIR: 0x4edabe0 (libc.so.6:memchr) redirected to 0x4a2a6e0 (_vgnU_ifunc_wrapper)
--11385-- REDIR: 0x4ef8eb0 (libc.so.6:wcslen) redirected to 0x4a2a6e0 (_vgnU_ifunc_wrapper)
--11385-- REDIR: 0x4eda050 (libc.so.6:strspn) redirected to 0x4a2a6e0 (_vgnU_ifunc_wrapper)
--11385-- REDIR: 0x4edaf20 (libc.so.6:stpncpy) redirected to 0x4a2a6e0 (_vgnU_ifunc_wrapper)
--11385-- REDIR: 0x4edaef0 (libc.so.6:stpcpy) redirected to 0x4a2a6e0 (_vgnU_ifunc_wrapper)
--11385-- REDIR: 0x4edc7f0 (libc.so.6:strchrnul) redirected to 0x4a2a6e0 (_vgnU_ifunc_wrapper)
--11385-- REDIR: 0x4edb040 (libc.so.6:strncasecmp_l) redirected to 0x4a2a6e0 (_vgnU_ifunc_wrapper)
--11385-- REDIR: 0x4fca3c0 (libc.so.6:__strrchr_avx2) redirected to 0x4c32730 (rindex)
--11385-- REDIR: 0x4ed3070 (libc.so.6:malloc) redirected to 0x4c2faa0 (malloc)
((((((((((((((((((((((((((((((((((((((((((((((((((((((((((((((((((((((((((((((((((((((((((((((((((((((((((((((((((((((((((((((((((((((((((((((((((((((((((((((((((((((((((((((((((((((((((((((((((((((((((((((((((((((((((((((((((((((((((((((((((((((((((((((((((((((((((((((((((((((((((((((((((((((((((((((((((((((((((((((((((((((((((((((((((((((((((((((((((((((((((((((((((((((((((((((((((((((((((((((((((((((((((((((((((((((((((((((((((((((((((((((((((((((((((((((((((((((((((((((((((((((((((((((((((((((((((((((((
))))))))))))))))))))))))))))))))))))))))))))))))))))))))))))))))))))))))))))))))))))))))))))))))))))))))))))))))))))))))))))))))))))))))))))))))))))))))))))))))))))))))))))))))))))))))))))))))))))))))))))))))))))))))))))))))))))))))))))))))))))))))))))))))))))))))))))))))))))))))))))))))))))))))))))))))))))))))))))))))))))))))))))))))))))))))))))))))))))))))))))))))))))))))))))))))))))))))))))))))))))))))))))))))))))))))))))))))))))))))))))))))))))))))))))))))))))))))))))))))))))))))))))))))))))))))))))))))
xxxxxxxxxxxxxxxxxxxxxxxxxxxxxxxxxxxxxxxxxxxxxxxxxxxxxxxxxxxxxxxxxxxxxxxxxxxxxxxxxxxxxxxxxxxxxxxxxxxxxxxxxxxxxxxxxxxxxxxxxxxxxxxxxxxxxxxxxxxxxxxxxxxxxxxxxxxxxxxxxxxxxxxxxxxxxxxxxxxxxxxxxxxxxxxxxxxxxxxxxxxxxxxxxxxxxxxxxxxxxxxxxxxxxxxxxxxxxxxxxxxxxxxxxxxxxxxxxxxxxxxxxxxxxxxxxxxxxxxxxxxxxxxxxxxxxxxxxxxxxxxxxxxxxxxxxxxxxxxxxxxxxxxxxxxxxxxxxxxxxxxxxxxxxxxxxxxxxxxxxxxxxxxxxxxxxxxxxxxxxxxxxxxxxxxxxxxxxxxxxxxxxxxxxxxxxxxxxxxxxxxxxxxxxxxxxxxxxxxxxxxxxxxxxxxxxxxxxxxxxxxxxxxxxxxxxxxxxxxxxxxxxxxxxxxxxxxxxxxxxxxxxxxxxxxx--11385-- REDIR: 0x4ed4c30 (libc.so.6:realloc) redirected to 0x4c31cb0 (realloc)
--11385-- REDIR: 0x4ed3950 (libc.so.6:free) redirected to 0x4c30cd0 (free)
--11385-- REDIR: 0x4fca590 (libc.so.6:__strlen_avx2) redirected to 0x4c32cf0 (strlen)
--11385-- REDIR: 0x4fcaad0 (libc.so.6:__memcpy_avx_unaligned_erms) redirected to 0x4c366e0 (memmove)
xxxxxxxxxxxxxxxxxxxxxxxxxxxxxxxxxxxxxxxxxxxxxxxxxxxxxxxxxxxxxxxxxxxxxxxxxxxxxxxxxxxxxxxxxxxxxxxxxxxxxxxxxxxxxxxxxxxxxxxxxxxxxxxxxxxxxxxxxxxxxxxxxxxxxxxxxxxxxxxxxxxxxxxxxxxxxxxxxxxxxxxxxxxxxxxxxxxxxxxxxxxxxxxxxxxxxxxxxxxxxxxxxxxxxxxxxxxxxxxxxxxxxxxxxxxxxxxxxxxxxxxxxxxxxxxxxxxxxxxxxxxxxxxxxxxxxxxxxxxxxxxxxxxxxxxxxxxxxxxxxxxxxxxxxxxxxxxxxxxxxxxxxxxxxxxxxxxxxxxxxxxxxxxxxxxxxxxxxxxxxxxxxxxxxxxxxxxxxxxxxxxxxxxxxxxxxxxxxxxxxxxxxxxxxxxxxxxxxxxxxxxxxxxxxxxxxxxxxxxxxxxxxxxxxxxxxxxxxxxxxxxxxxxxxxxxxxxxxxxxxxxxxxxxxxxx
==11385== 
==11385== HEAP SUMMARY:
==11385==     in use at exit: 0 bytes in 0 blocks
==11385==   total heap usage: 23 allocs, 23 frees, 8,796 bytes allocated
==11385== 
==11385== All heap blocks were freed -- no leaks are possible
==11385== 
==11385== ERROR SUMMARY: 0 errors from 0 contexts (suppressed: 0 from 0)
==11385== ERROR SUMMARY: 0 errors from 0 contexts (suppressed: 0 from 0)

<---------------------------------------------------------------------------------------------------------------->
<---------------------------------------------------------------------------------------------------------------->
<---------------------------------------------------------------------------------------------------------------->

alfaix@arsen-pc:/media/alfaix/Data/drive/мгту/тп/c-cpp/hw1c/cmake-build-debug$ valgrind --leak-check=full -v ./hw1c
==11411== Memcheck, a memory error detector
==11411== Copyright (C) 2002-2017, and GNU GPL'd, by Julian Seward et al.
==11411== Using Valgrind-3.13.0 and LibVEX; rerun with -h for copyright info
==11411== Command: ./hw1c
==11411== 
--11411-- Valgrind options:
--11411--    --leak-check=full
--11411--    -v
--11411-- Contents of /proc/version:
--11411--   Linux version 4.15.0-36-generic (buildd@lgw01-amd64-031) (gcc version 7.3.0 (Ubuntu 7.3.0-16ubuntu3)) #39-Ubuntu SMP Mon Sep 24 16:19:09 UTC 2018
--11411-- 
--11411-- Arch and hwcaps: AMD64, LittleEndian, amd64-cx16-lzcnt-rdtscp-sse3-avx-avx2-bmi
--11411-- Page sizes: currently 4096, max supported 4096
--11411-- Valgrind library directory: /usr/lib/valgrind
--11411-- Reading syms from /media/alfaix/Data/drive/мгту/тп/c-cpp/hw1c/cmake-build-debug/hw1c
--11411-- Reading syms from /lib/x86_64-linux-gnu/ld-2.27.so
--11411--   Considering /lib/x86_64-linux-gnu/ld-2.27.so ..
--11411--   .. CRC mismatch (computed 1b7c895e wanted 2943108a)
--11411--   Considering /usr/lib/debug/lib/x86_64-linux-gnu/ld-2.27.so ..
--11411--   .. CRC is valid
--11411-- Reading syms from /usr/lib/valgrind/memcheck-amd64-linux
--11411--   Considering /usr/lib/valgrind/memcheck-amd64-linux ..
--11411--   .. CRC mismatch (computed 62965bbf wanted eeb84137)
--11411--    object doesn't have a symbol table
--11411--    object doesn't have a dynamic symbol table
--11411-- Scheduler: using generic scheduler lock implementation.
--11411-- Reading suppressions file: /usr/lib/valgrind/default.supp
==11411== embedded gdbserver: reading from /tmp/vgdb-pipe-from-vgdb-to-11411-by-alfaix-on-???
==11411== embedded gdbserver: writing to   /tmp/vgdb-pipe-to-vgdb-from-11411-by-alfaix-on-???
==11411== embedded gdbserver: shared mem   /tmp/vgdb-pipe-shared-mem-vgdb-11411-by-alfaix-on-???
==11411== 
==11411== TO CONTROL THIS PROCESS USING vgdb (which you probably
==11411== don't want to do, unless you know exactly what you're doing,
==11411== or are doing some strange experiment):
==11411==   /usr/lib/valgrind/../../bin/vgdb --pid=11411 ...command...
==11411== 
==11411== TO DEBUG THIS PROCESS USING GDB: start GDB like this
==11411==   /path/to/gdb ./hw1c
==11411== and then give GDB the following command
==11411==   target remote | /usr/lib/valgrind/../../bin/vgdb --pid=11411
==11411== --pid is optional if only one valgrind process is running
==11411== 
--11411-- REDIR: 0x401f2f0 (ld-linux-x86-64.so.2:strlen) redirected to 0x58060901 (???)
--11411-- REDIR: 0x401f0d0 (ld-linux-x86-64.so.2:index) redirected to 0x5806091b (???)
--11411-- Reading syms from /usr/lib/valgrind/vgpreload_core-amd64-linux.so
--11411--   Considering /usr/lib/valgrind/vgpreload_core-amd64-linux.so ..
--11411--   .. CRC mismatch (computed 13d5e98a wanted 1786ecf1)
--11411--    object doesn't have a symbol table
--11411-- Reading syms from /usr/lib/valgrind/vgpreload_memcheck-amd64-linux.so
--11411--   Considering /usr/lib/valgrind/vgpreload_memcheck-amd64-linux.so ..
--11411--   .. CRC mismatch (computed 8f77ef36 wanted fcbde737)
--11411--    object doesn't have a symbol table
==11411== WARNING: new redirection conflicts with existing -- ignoring it
--11411--     old: 0x0401f2f0 (strlen              ) R-> (0000.0) 0x58060901 ???
--11411--     new: 0x0401f2f0 (strlen              ) R-> (2007.0) 0x04c32db0 strlen
--11411-- REDIR: 0x401d360 (ld-linux-x86-64.so.2:strcmp) redirected to 0x4c33ee0 (strcmp)
--11411-- REDIR: 0x401f830 (ld-linux-x86-64.so.2:mempcpy) redirected to 0x4c374f0 (mempcpy)
--11411-- Reading syms from /lib/x86_64-linux-gnu/libc-2.27.so
--11411--   Considering /lib/x86_64-linux-gnu/libc-2.27.so ..
--11411--   .. CRC mismatch (computed b1c74187 wanted 042cc048)
--11411--   Considering /usr/lib/debug/lib/x86_64-linux-gnu/libc-2.27.so ..
--11411--   .. CRC is valid
--11411-- REDIR: 0x4edac70 (libc.so.6:memmove) redirected to 0x4a2a6e0 (_vgnU_ifunc_wrapper)
--11411-- REDIR: 0x4ed9d40 (libc.so.6:strncpy) redirected to 0x4a2a6e0 (_vgnU_ifunc_wrapper)
--11411-- REDIR: 0x4edaf50 (libc.so.6:strcasecmp) redirected to 0x4a2a6e0 (_vgnU_ifunc_wrapper)
--11411-- REDIR: 0x4ed9790 (libc.so.6:strcat) redirected to 0x4a2a6e0 (_vgnU_ifunc_wrapper)
--11411-- REDIR: 0x4ed9d70 (libc.so.6:rindex) redirected to 0x4a2a6e0 (_vgnU_ifunc_wrapper)
--11411-- REDIR: 0x4edc7c0 (libc.so.6:rawmemchr) redirected to 0x4a2a6e0 (_vgnU_ifunc_wrapper)
--11411-- REDIR: 0x4edade0 (libc.so.6:mempcpy) redirected to 0x4a2a6e0 (_vgnU_ifunc_wrapper)
--11411-- REDIR: 0x4edac10 (libc.so.6:bcmp) redirected to 0x4a2a6e0 (_vgnU_ifunc_wrapper)
--11411-- REDIR: 0x4ed9d00 (libc.so.6:strncmp) redirected to 0x4a2a6e0 (_vgnU_ifunc_wrapper)
--11411-- REDIR: 0x4ed9800 (libc.so.6:strcmp) redirected to 0x4a2a6e0 (_vgnU_ifunc_wrapper)
--11411-- REDIR: 0x4edad40 (libc.so.6:memset) redirected to 0x4a2a6e0 (_vgnU_ifunc_wrapper)
--11411-- REDIR: 0x4ef80f0 (libc.so.6:wcschr) redirected to 0x4a2a6e0 (_vgnU_ifunc_wrapper)
--11411-- REDIR: 0x4ed9ca0 (libc.so.6:strnlen) redirected to 0x4a2a6e0 (_vgnU_ifunc_wrapper)
--11411-- REDIR: 0x4ed9870 (libc.so.6:strcspn) redirected to 0x4a2a6e0 (_vgnU_ifunc_wrapper)
--11411-- REDIR: 0x4edafa0 (libc.so.6:strncasecmp) redirected to 0x4a2a6e0 (_vgnU_ifunc_wrapper)
--11411-- REDIR: 0x4ed9840 (libc.so.6:strcpy) redirected to 0x4a2a6e0 (_vgnU_ifunc_wrapper)
--11411-- REDIR: 0x4edb0e0 (libc.so.6:memcpy@@GLIBC_2.14) redirected to 0x4a2a6e0 (_vgnU_ifunc_wrapper)
--11411-- REDIR: 0x4ed9da0 (libc.so.6:strpbrk) redirected to 0x4a2a6e0 (_vgnU_ifunc_wrapper)
--11411-- REDIR: 0x4ed97c0 (libc.so.6:index) redirected to 0x4a2a6e0 (_vgnU_ifunc_wrapper)
--11411-- REDIR: 0x4ed9c70 (libc.so.6:strlen) redirected to 0x4a2a6e0 (_vgnU_ifunc_wrapper)
--11411-- REDIR: 0x4ee46c0 (libc.so.6:memrchr) redirected to 0x4a2a6e0 (_vgnU_ifunc_wrapper)
--11411-- REDIR: 0x4edaff0 (libc.so.6:strcasecmp_l) redirected to 0x4a2a6e0 (_vgnU_ifunc_wrapper)
--11411-- REDIR: 0x4edabe0 (libc.so.6:memchr) redirected to 0x4a2a6e0 (_vgnU_ifunc_wrapper)
--11411-- REDIR: 0x4ef8eb0 (libc.so.6:wcslen) redirected to 0x4a2a6e0 (_vgnU_ifunc_wrapper)
--11411-- REDIR: 0x4eda050 (libc.so.6:strspn) redirected to 0x4a2a6e0 (_vgnU_ifunc_wrapper)
--11411-- REDIR: 0x4edaf20 (libc.so.6:stpncpy) redirected to 0x4a2a6e0 (_vgnU_ifunc_wrapper)
--11411-- REDIR: 0x4edaef0 (libc.so.6:stpcpy) redirected to 0x4a2a6e0 (_vgnU_ifunc_wrapper)
--11411-- REDIR: 0x4edc7f0 (libc.so.6:strchrnul) redirected to 0x4a2a6e0 (_vgnU_ifunc_wrapper)
--11411-- REDIR: 0x4edb040 (libc.so.6:strncasecmp_l) redirected to 0x4a2a6e0 (_vgnU_ifunc_wrapper)
--11411-- REDIR: 0x4fca3c0 (libc.so.6:__strrchr_avx2) redirected to 0x4c32730 (rindex)
--11411-- REDIR: 0x4ed3070 (libc.so.6:malloc) redirected to 0x4c2faa0 (malloc)
(((((((((((((((((((((((((((((((((((((((((((((((())))))))))))))))))))))))))))))))))))))))))))))))()(((((((((((((((((((((((((((((((((((((((((((((((())))))))))))))))))))))))))))))))))))))))))))))))()(((((((((((((((((((((((((((((((((((((((((((((((())))))))))))))))))))))))))))))))))))))))))))))))()(((((((((((((((((((((((((((((((((((((((((((((((())))))))))))))))))))))))))))))))))))))))))))))))()(((((((((((((((((((((((((((((((((((((((((((((((())))))))))))))))))))))))))))))))))))))))))))))))()(((((((((((((((((((((((((((((((((((((((((((((((())))))))))))))))))))))))))))))))))))))))))))))))()
((((((((((((((((((((((((((((((((((((((((((((((())))))))))))))))))))))))))))))))))))))))))))))))()(((((((((((((((((((((((((((((((((((((((((((((((())))))))))))))))))))))))))))))))))))))))))))))))()(((((((((((((((((((((((((((((((((((((((((((((((())))))))))))))))))))))))))))))))))))))))))))))))()(((((((((((((((((((((((((((((((((((((((((((((((())))))))))))))))))))))))))))))))))))))))))))))))()(((((((((((((((((((((((((((((((((((((((((((((((())))))))))))))))))))))))))))))))))))))))))))))))()(((((((((((((((((((((((((((((((((((((((((((((((())))))))))))))))))))))))))))))))))))))))))))))))()
(((((((((((((((((((((((((((((((((((((((((((((((())))))))))))))))))))))))))))))))))))))))))))))))()(((((((((((((((((((((((((((((((((((((((((((((((())))))))))))))))))))))))))))))))))))))))))))))))()(((((((((((((((((((((((((((((((((((((((((((((((())))))))))))))))))))))))))))))))))))))))))))))))()(((((((((((((((((((((((((((((((((((((((((((((((())))))))))))))))))))))))))))))))))))))))))))))))()(((((((((((((((((((((((((((((((((((((((((((((((())))))))))))))))))))))))))))))))))))))))))))))))()(((((((((((((((((((((((((((((((((((((((((((((((())))))))))))))))))))))))))))))))))))))))))))))))(--11411-- REDIR: 0x4ed4c30 (libc.so.6:realloc) redirected to 0x4c31cb0 (realloc)

--11411-- REDIR: 0x4ed3950 (libc.so.6:free) redirected to 0x4c30cd0 (free)
--11411-- REDIR: 0x4fca590 (libc.so.6:__strlen_avx2) redirected to 0x4c32cf0 (strlen)
--11411-- REDIR: 0x4fcaad0 (libc.so.6:__memcpy_avx_unaligned_erms) redirected to 0x4c366e0 (memmove)
(((((((((((((((((((((((((((((((((((((((((((((((())))))))))))))))))))))))))))))))))))))))))))))))()(((((((((((((((((((((((((((((((((((((((((((((((())))))))))))))))))))))))))))))))))))))))))))))))()(((((((((((((((((((((((((((((((((((((((((((((((())))))))))))))))))))))))))))))))))))))))))))))))()(((((((((((((((((((((((((((((((((((((((((((((((())))))))))))))))))))))))))))))))))))))))))))))))()(((((((((((((((((((((((((((((((((((((((((((((((())))))))))))))))))))))))))))))))))))))))))))))))()(((((((((((((((((((((((((((((((((((((((((((((((())))))))))))))))))))))))))))))))))))))))))))))))()
==11411== 
==11411== HEAP SUMMARY:
==11411==     in use at exit: 0 bytes in 0 blocks
==11411==   total heap usage: 23 allocs, 23 frees, 9,098 bytes allocated
==11411== 
==11411== All heap blocks were freed -- no leaks are possible
==11411== 
==11411== ERROR SUMMARY: 0 errors from 0 contexts (suppressed: 0 from 0)
==11411== ERROR SUMMARY: 0 errors from 0 contexts (suppressed: 0 from 0)
